  Checking Build System
  CMake does not need to re-run because C:/github/Cyebrix3D/vs2017/CMakeFiles/generate.stamp is up-to-date.
  CMake does not need to re-run because C:/github/Cyebrix3D/vs2017/Source/CMakeFiles/generate.stamp is up-to-date.
  CMake does not need to re-run because C:/github/Cyebrix3D/vs2017/Source/ThirdParty/FreeType/CMakeFiles/generate.stamp is up-to-date.
  CMake does not need to re-run because C:/github/Cyebrix3D/vs2017/Source/ThirdParty/JO/CMakeFiles/generate.stamp is up-to-date.
  CMake does not need to re-run because C:/github/Cyebrix3D/vs2017/Source/ThirdParty/LZ4/CMakeFiles/generate.stamp is up-to-date.
  CMake does not need to re-run because C:/github/Cyebrix3D/vs2017/Source/ThirdParty/PugiXml/CMakeFiles/generate.stamp is up-to-date.
  CMake does not need to re-run because C:/github/Cyebrix3D/vs2017/Source/ThirdParty/rapidjson/CMakeFiles/generate.stamp is up-to-date.
  CMake does not need to re-run because C:/github/Cyebrix3D/vs2017/Source/ThirdParty/SDL/CMakeFiles/generate.stamp is up-to-date.
  CMake does not need to re-run because C:/github/Cyebrix3D/vs2017/Source/ThirdParty/StanHull/CMakeFiles/generate.stamp is up-to-date.
  CMake does not need to re-run because C:/github/Cyebrix3D/vs2017/Source/ThirdParty/STB/CMakeFiles/generate.stamp is up-to-date.
  CMake does not need to re-run because C:/github/Cyebrix3D/vs2017/Source/ThirdParty/AngelScript/CMakeFiles/generate.stamp is up-to-date.
  CMake does not need to re-run because C:/github/Cyebrix3D/vs2017/Source/ThirdParty/Lua/CMakeFiles/generate.stamp is up-to-date.
  CMake does not need to re-run because C:/github/Cyebrix3D/vs2017/Source/ThirdParty/toluapp/src/lib/CMakeFiles/generate.stamp is up-to-date.
  CMake does not need to re-run because C:/github/Cyebrix3D/vs2017/Source/ThirdParty/Civetweb/CMakeFiles/generate.stamp is up-to-date.
  CMake does not need to re-run because C:/github/Cyebrix3D/vs2017/Source/ThirdParty/kNet/CMakeFiles/generate.stamp is up-to-date.
  CMake does not need to re-run because C:/github/Cyebrix3D/vs2017/Source/ThirdParty/ik/CMakeFiles/generate.stamp is up-to-date.
  CMake does not need to re-run because C:/github/Cyebrix3D/vs2017/Source/ThirdParty/Detour/CMakeFiles/generate.stamp is up-to-date.
  CMake does not need to re-run because C:/github/Cyebrix3D/vs2017/Source/ThirdParty/DetourCrowd/CMakeFiles/generate.stamp is up-to-date.
  CMake does not need to re-run because C:/github/Cyebrix3D/vs2017/Source/ThirdParty/DetourTileCache/CMakeFiles/generate.stamp is up-to-date.
  CMake does not need to re-run because C:/github/Cyebrix3D/vs2017/Source/ThirdParty/Recast/CMakeFiles/generate.stamp is up-to-date.
  CMake does not need to re-run because C:/github/Cyebrix3D/vs2017/Source/ThirdParty/Box2D/CMakeFiles/generate.stamp is up-to-date.
  CMake does not need to re-run because C:/github/Cyebrix3D/vs2017/Source/ThirdParty/WebP/CMakeFiles/generate.stamp is up-to-date.
  CMake does not need to re-run because C:/github/Cyebrix3D/vs2017/Source/ThirdParty/Bullet/CMakeFiles/generate.stamp is up-to-date.
  CMake does not need to re-run because C:/github/Cyebrix3D/vs2017/Source/ThirdParty/MojoShader/CMakeFiles/generate.stamp is up-to-date.
  CMake does not need to re-run because C:/github/Cyebrix3D/vs2017/Source/ThirdParty/LibCpuId/CMakeFiles/generate.stamp is up-to-date.
  CMake does not need to re-run because C:/github/Cyebrix3D/vs2017/Source/Urho3D/CMakeFiles/generate.stamp is up-to-date.
  CMake does not need to re-run because C:/github/Cyebrix3D/vs2017/Source/ThirdParty/toluapp/src/bin/CMakeFiles/generate.stamp is up-to-date.
  CMake does not need to re-run because C:/github/Cyebrix3D/vs2017/Source/Tools/CMakeFiles/generate.stamp is up-to-date.
  CMake does not need to re-run because C:/github/Cyebrix3D/vs2017/Source/Tools/Urho3DPlayer/CMakeFiles/generate.stamp is up-to-date.
  CMake does not need to re-run because C:/github/Cyebrix3D/vs2017/Source/Tools/AssetImporter/CMakeFiles/generate.stamp is up-to-date.
  CMake does not need to re-run because C:/github/Cyebrix3D/vs2017/Source/ThirdParty/Assimp/CMakeFiles/generate.stamp is up-to-date.
  CMake does not need to re-run because C:/github/Cyebrix3D/vs2017/Source/Tools/OgreImporter/CMakeFiles/generate.stamp is up-to-date.
  CMake does not need to re-run because C:/github/Cyebrix3D/vs2017/Source/Tools/PackageTool/CMakeFiles/generate.stamp is up-to-date.
  CMake does not need to re-run because C:/github/Cyebrix3D/vs2017/Source/Tools/RampGenerator/CMakeFiles/generate.stamp is up-to-date.
  CMake does not need to re-run because C:/github/Cyebrix3D/vs2017/Source/Tools/SpritePacker/CMakeFiles/generate.stamp is up-to-date.
  CMake does not need to re-run because C:/github/Cyebrix3D/vs2017/Source/Tools/ScriptCompiler/CMakeFiles/generate.stamp is up-to-date.
  CMake does not need to re-run because C:/github/Cyebrix3D/vs2017/Source/Cyberix3D/CMakeFiles/generate.stamp is up-to-date.
  CMake does not need to re-run because C:/github/Cyebrix3D/vs2017/Source/Cyberix3D/Cyberix3DPlayer/CMakeFiles/generate.stamp is up-to-date.
  CMake does not need to re-run because C:/github/Cyebrix3D/vs2017/Docs/CMakeFiles/generate.stamp is up-to-date.
